[debug] [2022-07-22T14:54:10.481Z] ----------------------------------------------------------------------
[debug] [2022-07-22T14:54:10.483Z] Command:       C:\Program Files\nodejs\node.exe C:\Users\KIIT\AppData\Roaming\npm\node_modules\firebase-tools\lib\bin\firebase.js emulators:start
[debug] [2022-07-22T14:54:10.484Z] CLI Version:   10.9.2
[debug] [2022-07-22T14:54:10.484Z] Platform:      win32
[debug] [2022-07-22T14:54:10.484Z] Node Version:  v14.15.3
[debug] [2022-07-22T14:54:10.485Z] Time:          Fri Jul 22 2022 20:24:10 GMT+0530 (India Standard Time)
[debug] [2022-07-22T14:54:10.485Z] ----------------------------------------------------------------------
[debug] 
[debug] [2022-07-22T14:54:10.489Z] >>> [apiv2][query] GET https://firebase-public.firebaseio.com/cli.json [none]
[debug] [2022-07-22T14:54:10.576Z] > command requires scopes: ["email","openid","https://www.googleapis.com/auth/cloudplatformprojects.readonly","https://www.googleapis.com/auth/firebase","https://www.googleapis.com/auth/cloud-platform"]
[debug] [2022-07-22T14:54:10.576Z] > authorizing via signed-in user (subhisingh2511@gmail.com)
[info] i  emulators: Starting emulators: functions, hosting {"metadata":{"emulator":{"name":"hub"},"message":"Starting emulators: functions, hosting"}}
[warn] !  emulators: It seems that you are running multiple instances of the emulator suite for project clone-9fbea. This may result in unexpected behavior. 
[debug] [2022-07-22T14:54:10.594Z] [hub] writing locator at C:\Users\KIIT\AppData\Local\Temp\hub-clone-9fbea.json
[warn] !  functions: The following emulators are not running, calls to these services from the Functions emulator will affect production: auth, firestore, database, pubsub, storage {"metadata":{"emulator":{"name":"functions"},"message":"The following emulators are not running, calls to these services from the Functions emulator will affect production: \u001b[1mauth, firestore, database, pubsub, storage\u001b[22m"}}
[warn] !  Your requested "node" version "16" doesn't match your global version "14". Using node@14 from host. {"metadata":{"emulator":{"name":"functions"},"message":"Your requested \"node\" version \"16\" doesn't match your global version \"14\". Using node@14 from host."}}
[debug] [2022-07-22T14:54:10.618Z] defaultcredentials: writing to file C:\Users\KIIT\AppData\Roaming\firebase\subhisingh2511_gmail_com_application_default_credentials.json
[debug] [2022-07-22T14:54:10.621Z] Setting GAC to C:\Users\KIIT\AppData\Roaming\firebase\subhisingh2511_gmail_com_application_default_credentials.json {"metadata":{"emulator":{"name":"functions"},"message":"Setting GAC to C:\\Users\\KIIT\\AppData\\Roaming\\firebase\\subhisingh2511_gmail_com_application_default_credentials.json"}}
[debug] [2022-07-22T14:54:10.623Z] > refreshing access token with scopes: []
[debug] [2022-07-22T14:54:10.623Z] >>> HTTP REQUEST POST https://www.googleapis.com/oauth2/v3/token  
 <request body omitted>
[debug] [2022-07-22T14:54:10.865Z] <<< HTTP RESPONSE 200 {"expires":"Mon, 01 Jan 1990 00:00:00 GMT","date":"Fri, 22 Jul 2022 14:54:12 GMT","pragma":"no-cache","cache-control":"no-cache, no-store, max-age=0, must-revalidate","content-type":"application/json; charset=utf-8","vary":"X-Origin, Referer, Origin,Accept-Encoding","server":"scaffolding on HTTPServer2","x-xss-protection":"0","x-frame-options":"SAMEORIGIN","x-content-type-options":"nosniff","alt-svc":"h3=\":443\"; ma=2592000,h3-29=\":443\"; ma=2592000,h3-Q050=\":443\"; ma=2592000,h3-Q046=\":443\"; ma=2592000,h3-Q043=\":443\"; ma=2592000,quic=\":443\"; ma=2592000; v=\"46,43\"","accept-ranges":"none","transfer-encoding":"chunked"}
[debug] [2022-07-22T14:54:10.886Z] >>> [apiv2][query] GET https://firebase.googleapis.com/v1beta1/projects/clone-9fbea/adminSdkConfig [none]
[debug] [2022-07-22T14:54:11.194Z] <<< [apiv2][status] GET https://firebase-public.firebaseio.com/cli.json 200
[debug] [2022-07-22T14:54:11.195Z] <<< [apiv2][body] GET https://firebase-public.firebaseio.com/cli.json {"cloudBuildErrorAfter":1594252800000,"cloudBuildWarnAfter":1590019200000,"defaultNode10After":1594252800000,"minVersion":"3.0.5","node8DeploysDisabledAfter":1613390400000,"node8RuntimeDisabledAfter":1615809600000,"node8WarnAfter":1600128000000}
[debug] [2022-07-22T14:54:11.336Z] <<< [apiv2][status] GET https://firebase.googleapis.com/v1beta1/projects/clone-9fbea/adminSdkConfig 200
[debug] [2022-07-22T14:54:11.336Z] <<< [apiv2][body] GET https://firebase.googleapis.com/v1beta1/projects/clone-9fbea/adminSdkConfig {"projectId":"clone-9fbea","storageBucket":"clone-9fbea.appspot.com","locationId":"us-central"}
[debug] [2022-07-22T14:54:11.348Z] >>> [apiv2][query] GET https://firebasehosting.googleapis.com/v1beta1/projects/clone-9fbea/sites 
[debug] [2022-07-22T14:54:15.011Z] <<< [apiv2][status] GET https://firebasehosting.googleapis.com/v1beta1/projects/clone-9fbea/sites 200
[debug] [2022-07-22T14:54:15.012Z] <<< [apiv2][body] GET https://firebasehosting.googleapis.com/v1beta1/projects/clone-9fbea/sites {"sites":[{"name":"projects/clone-9fbea/sites/clone-9fbea","defaultUrl":"https://clone-9fbea.web.app","appId":"1:481942116270:web:b8ab3d37ec4dfa28cf5a3f","type":"DEFAULT_SITE"}]}
[debug] [2022-07-22T14:54:15.014Z] >>> [apiv2][query] GET https://firebase.googleapis.com/v1beta1/projects/clone-9fbea/webApps/1:481942116270:web:b8ab3d37ec4dfa28cf5a3f/config [none]
[debug] [2022-07-22T14:54:16.603Z] <<< [apiv2][status] GET https://firebase.googleapis.com/v1beta1/projects/clone-9fbea/webApps/1:481942116270:web:b8ab3d37ec4dfa28cf5a3f/config 200
[debug] [2022-07-22T14:54:16.604Z] <<< [apiv2][body] GET https://firebase.googleapis.com/v1beta1/projects/clone-9fbea/webApps/1:481942116270:web:b8ab3d37ec4dfa28cf5a3f/config {"projectId":"clone-9fbea","appId":"1:481942116270:web:b8ab3d37ec4dfa28cf5a3f","storageBucket":"clone-9fbea.appspot.com","locationId":"us-central","apiKey":"AIzaSyDA85OlGOC-7WNnN6A659UMRWpr4-xAWVo","authDomain":"clone-9fbea.firebaseapp.com","messagingSenderId":"481942116270","measurementId":"G-04MQ8MFE0T"}
[info] i  hosting: Serving hosting files from: build {"metadata":{"emulator":{"name":"hosting"},"message":"Serving hosting files from: \u001b[1mbuild\u001b[22m"}}
[info] +  hosting: Local server: http://localhost:5000 {"metadata":{"emulator":{"name":"hosting"},"message":"Local server: \u001b[4m\u001b[1mhttp://localhost:5000\u001b[22m\u001b[24m"}}
[debug] [2022-07-22T14:54:16.658Z] Ignoring unsupported arg: auto_download {"metadata":{"emulator":{"name":"ui"},"message":"Ignoring unsupported arg: auto_download"}}
[debug] [2022-07-22T14:54:16.658Z] Ignoring unsupported arg: port {"metadata":{"emulator":{"name":"ui"},"message":"Ignoring unsupported arg: port"}}
[debug] [2022-07-22T14:54:16.658Z] Starting Emulator UI with command {"binary":"node","args":["C:\\Users\\KIIT\\.cache\\firebase\\emulators\\ui-v1.7.0\\server.bundle.js"],"optionalArgs":[],"joinArgs":false} {"metadata":{"emulator":{"name":"ui"},"message":"Starting Emulator UI with command {\"binary\":\"node\",\"args\":[\"C:\\\\Users\\\\KIIT\\\\.cache\\\\firebase\\\\emulators\\\\ui-v1.7.0\\\\server.bundle.js\"],\"optionalArgs\":[],\"joinArgs\":false}"}}
[info] i  ui: Emulator UI logging to ui-debug.log {"metadata":{"emulator":{"name":"ui"},"message":"Emulator UI logging to \u001b[1mui-debug.log\u001b[22m"}}
[debug] [2022-07-22T14:54:16.810Z] Web / API server started at localhost:4000
 {"metadata":{"emulator":{"name":"ui"},"message":"Web / API server started at localhost:4000\n"}}
[info] i  functions: Watching "C:\Users\KIIT\Desktop\amazon-clone\functions" for Cloud Functions... {"metadata":{"emulator":{"name":"functions"},"message":"Watching \"C:\\Users\\KIIT\\Desktop\\amazon-clone\\functions\" for Cloud Functions..."}}
[debug] [2022-07-22T14:54:16.950Z] Validating nodejs source
[debug] [2022-07-22T14:54:19.330Z] > [functions] package.json contents: {
  "name": "functions",
  "description": "Cloud Functions for Firebase",
  "scripts": {
    "lint": "eslint .",
    "serve": "firebase emulators:start --only functions",
    "shell": "firebase functions:shell",
    "start": "npm run shell",
    "deploy": "firebase deploy --only functions",
    "logs": "firebase functions:log"
  },
  "engines": {
    "node": "16"
  },
  "main": "index.js",
  "dependencies": {
    "cors": "^2.8.5",
    "express": "^4.18.1",
    "firebase-admin": "^10.0.2",
    "firebase-functions": "^3.18.0",
    "stripe": "^9.14.0"
  },
  "devDependencies": {
    "eslint": "^8.9.0",
    "eslint-config-google": "^0.14.0",
    "firebase-functions-test": "^0.2.0"
  },
  "private": true
}
[debug] [2022-07-22T14:54:19.330Z] Building nodejs source
[debug] [2022-07-22T14:54:19.330Z] Analyzing nodejs backend spec
[debug] [2022-07-22T14:54:19.332Z] Could not find functions.yaml. Must use http discovery
[debug] [2022-07-22T14:54:19.679Z] Serving at port 9005

[debug] [2022-07-22T14:54:19.892Z] Got response from /__/functions.yaml {"endpoints":{"api":{"platform":"gcfv1","httpsTrigger":{},"entryPoint":"api"}},"specVersion":"v1alpha1","requiredAPIs":[]}
[debug] [2022-07-22T14:54:19.898Z] shutdown requested via /__/quitquitquit

[info] +  functions[us-central1-api]: http function initialized (http://localhost:5001/clone-9fbea/us-central1/api). {"metadata":{"emulator":{"name":"functions"},"message":"\u001b[1mhttp\u001b[22m function initialized (http://localhost:5001/clone-9fbea/us-central1/api)."}}
[info] 
┌─────────────────────────────────────────────────────────────┐
│ ✔  All emulators ready! It is now safe to connect your app. │
│ i  View Emulator UI at http://localhost:4000                │
└─────────────────────────────────────────────────────────────┘

┌───────────┬────────────────┬─────────────────────────────────┐
│ Emulator  │ Host:Port      │ View in Emulator UI             │
├───────────┼────────────────┼─────────────────────────────────┤
│ Functions │ localhost:5001 │ http://localhost:4000/functions │
├───────────┼────────────────┼─────────────────────────────────┤
│ Hosting   │ localhost:5000 │ n/a                             │
└───────────┴────────────────┴─────────────────────────────────┘
  Emulator Hub running at localhost:4400
  Other reserved ports: 4500

Issues? Report them at https://github.com/firebase/firebase-tools/issues and attach the *-debug.log files.
 
[debug] [2022-07-22T14:54:39.039Z] [work-queue] {"queueLength":1,"workRunningCount":0}
[debug] [2022-07-22T14:54:39.040Z] [work-queue] {"queueLength":0,"workRunningCount":1}
[debug] [2022-07-22T14:54:39.041Z] Accepted request GET /clone-9fbea/us-central1/api --> us-central1-api
[debug] [2022-07-22T14:54:39.053Z] [worker-pool] addWorker(us-central1-api) {"metadata":{"emulator":{"name":"functions"},"message":"[worker-pool] addWorker(us-central1-api)"}}
[debug] [2022-07-22T14:54:39.054Z] [worker-pool] Adding worker with key us-central1-api, total=1 {"metadata":{"emulator":{"name":"functions"},"message":"[worker-pool] Adding worker with key us-central1-api, total=1"}}
[debug] [2022-07-22T14:54:39.054Z] [worker-pool] submitWork(triggerId=us-central1-api) {"metadata":{"emulator":{"name":"functions"},"message":"[worker-pool] submitWork(triggerId=us-central1-api)"}}
[debug] [2022-07-22T14:54:39.055Z] [worker-us-central1-api-fd7cd030-0acd-403e-b86e-d6dabe67971a]: Assigning socketPath: \\?\pipe\C:\Users\KIIT\Desktop\amazon-clone\functions\10268 {"metadata":{"emulator":{"name":"functions"},"message":"[worker-us-central1-api-fd7cd030-0acd-403e-b86e-d6dabe67971a]: Assigning socketPath: \\\\?\\pipe\\C:\\Users\\KIIT\\Desktop\\amazon-clone\\functions\\10268"}}
[debug] [2022-07-22T14:54:39.055Z] [worker-us-central1-api-fd7cd030-0acd-403e-b86e-d6dabe67971a]: BUSY {"metadata":{"emulator":{"name":"functions"},"message":"[worker-us-central1-api-fd7cd030-0acd-403e-b86e-d6dabe67971a]: BUSY"}}
[debug] [2022-07-22T14:54:40.552Z] [runtime-status] [10268] Functions runtime initialized. {"cwd":"C:\\Users\\KIIT\\Desktop\\amazon-clone\\functions","node_version":"14.15.3"} {"metadata":{"emulator":{"name":"functions"},"function":{"name":"us-central1-api"},"extension":{},"message":"[runtime-status] [10268] Functions runtime initialized. {\"cwd\":\"C:\\\\Users\\\\KIIT\\\\Desktop\\\\amazon-clone\\\\functions\",\"node_version\":\"14.15.3\"}"}}
[debug] [2022-07-22T14:54:40.556Z] [runtime-status] [10268] Disabled runtime features: undefined {"metadata":{"emulator":{"name":"functions"},"function":{"name":"us-central1-api"},"extension":{},"message":"[runtime-status] [10268] Disabled runtime features: undefined"}}
[debug] [2022-07-22T14:54:40.561Z] [runtime-status] [10268] Resolved module firebase-admin {"declared":true,"installed":true,"version":"10.3.0","resolution":"C:\\Users\\KIIT\\Desktop\\amazon-clone\\functions\\node_modules\\firebase-admin\\lib\\index.js"} {"metadata":{"emulator":{"name":"functions"},"function":{"name":"us-central1-api"},"extension":{},"message":"[runtime-status] [10268] Resolved module firebase-admin {\"declared\":true,\"installed\":true,\"version\":\"10.3.0\",\"resolution\":\"C:\\\\Users\\\\KIIT\\\\Desktop\\\\amazon-clone\\\\functions\\\\node_modules\\\\firebase-admin\\\\lib\\\\index.js\"}"}}
[debug] [2022-07-22T14:54:40.563Z] [runtime-status] [10268] Resolved module firebase-functions {"declared":true,"installed":true,"version":"3.22.0","resolution":"C:\\Users\\KIIT\\Desktop\\amazon-clone\\functions\\node_modules\\firebase-functions\\lib\\index.js"} {"metadata":{"emulator":{"name":"functions"},"function":{"name":"us-central1-api"},"extension":{},"message":"[runtime-status] [10268] Resolved module firebase-functions {\"declared\":true,\"installed\":true,\"version\":\"3.22.0\",\"resolution\":\"C:\\\\Users\\\\KIIT\\\\Desktop\\\\amazon-clone\\\\functions\\\\node_modules\\\\firebase-functions\\\\lib\\\\index.js\"}"}}
[debug] [2022-07-22T14:54:40.563Z] [runtime-status] [10268] Outgoing network have been stubbed. [{"name":"http","status":"mocked"},{"name":"http","status":"mocked"},{"name":"https","status":"mocked"},{"name":"https","status":"mocked"},{"name":"net","status":"mocked"}] {"metadata":{"emulator":{"name":"functions"},"function":{"name":"us-central1-api"},"extension":{},"message":"[runtime-status] [10268] Outgoing network have been stubbed. [{\"name\":\"http\",\"status\":\"mocked\"},{\"name\":\"http\",\"status\":\"mocked\"},{\"name\":\"https\",\"status\":\"mocked\"},{\"name\":\"https\",\"status\":\"mocked\"},{\"name\":\"net\",\"status\":\"mocked\"}]"}}
[debug] [2022-07-22T14:54:40.564Z] [runtime-status] [10268] Resolved module firebase-functions {"declared":true,"installed":true,"version":"3.22.0","resolution":"C:\\Users\\KIIT\\Desktop\\amazon-clone\\functions\\node_modules\\firebase-functions\\lib\\index.js"} {"metadata":{"emulator":{"name":"functions"},"function":{"name":"us-central1-api"},"extension":{},"message":"[runtime-status] [10268] Resolved module firebase-functions {\"declared\":true,\"installed\":true,\"version\":\"3.22.0\",\"resolution\":\"C:\\\\Users\\\\KIIT\\\\Desktop\\\\amazon-clone\\\\functions\\\\node_modules\\\\firebase-functions\\\\lib\\\\index.js\"}"}}
[debug] [2022-07-22T14:54:40.637Z] [runtime-status] [10268] Checked functions.config() {"config":{}} {"metadata":{"emulator":{"name":"functions"},"function":{"name":"us-central1-api"},"extension":{},"message":"[runtime-status] [10268] Checked functions.config() {\"config\":{}}"}}
[debug] [2022-07-22T14:54:40.637Z] [runtime-status] [10268] firebase-functions has been stubbed. {"functionsResolution":{"declared":true,"installed":true,"version":"3.22.0","resolution":"C:\\Users\\KIIT\\Desktop\\amazon-clone\\functions\\node_modules\\firebase-functions\\lib\\index.js"}} {"metadata":{"emulator":{"name":"functions"},"function":{"name":"us-central1-api"},"extension":{},"message":"[runtime-status] [10268] firebase-functions has been stubbed. {\"functionsResolution\":{\"declared\":true,\"installed\":true,\"version\":\"3.22.0\",\"resolution\":\"C:\\\\Users\\\\KIIT\\\\Desktop\\\\amazon-clone\\\\functions\\\\node_modules\\\\firebase-functions\\\\lib\\\\index.js\"}}"}}
[debug] [2022-07-22T14:54:40.638Z] [runtime-status] [10268] Resolved module firebase-functions {"declared":true,"installed":true,"version":"3.22.0","resolution":"C:\\Users\\KIIT\\Desktop\\amazon-clone\\functions\\node_modules\\firebase-functions\\lib\\index.js"} {"metadata":{"emulator":{"name":"functions"},"function":{"name":"us-central1-api"},"extension":{},"message":"[runtime-status] [10268] Resolved module firebase-functions {\"declared\":true,\"installed\":true,\"version\":\"3.22.0\",\"resolution\":\"C:\\\\Users\\\\KIIT\\\\Desktop\\\\amazon-clone\\\\functions\\\\node_modules\\\\firebase-functions\\\\lib\\\\index.js\"}"}}
[debug] [2022-07-22T14:54:40.640Z] [runtime-status] [10268] Resolved module firebase-admin {"declared":true,"installed":true,"version":"10.3.0","resolution":"C:\\Users\\KIIT\\Desktop\\amazon-clone\\functions\\node_modules\\firebase-admin\\lib\\index.js"} {"metadata":{"emulator":{"name":"functions"},"function":{"name":"us-central1-api"},"extension":{},"message":"[runtime-status] [10268] Resolved module firebase-admin {\"declared\":true,\"installed\":true,\"version\":\"10.3.0\",\"resolution\":\"C:\\\\Users\\\\KIIT\\\\Desktop\\\\amazon-clone\\\\functions\\\\node_modules\\\\firebase-admin\\\\lib\\\\index.js\"}"}}
[debug] [2022-07-22T14:54:40.643Z] [runtime-status] [10268] Resolved module firebase-functions {"declared":true,"installed":true,"version":"3.22.0","resolution":"C:\\Users\\KIIT\\Desktop\\amazon-clone\\functions\\node_modules\\firebase-functions\\lib\\index.js"} {"metadata":{"emulator":{"name":"functions"},"function":{"name":"us-central1-api"},"extension":{},"message":"[runtime-status] [10268] Resolved module firebase-functions {\"declared\":true,\"installed\":true,\"version\":\"3.22.0\",\"resolution\":\"C:\\\\Users\\\\KIIT\\\\Desktop\\\\amazon-clone\\\\functions\\\\node_modules\\\\firebase-functions\\\\lib\\\\index.js\"}"}}
[debug] [2022-07-22T14:54:40.644Z] [runtime-status] [10268] firebase-admin has been stubbed. {"adminResolution":{"declared":true,"installed":true,"version":"10.3.0","resolution":"C:\\Users\\KIIT\\Desktop\\amazon-clone\\functions\\node_modules\\firebase-admin\\lib\\index.js"}} {"metadata":{"emulator":{"name":"functions"},"function":{"name":"us-central1-api"},"extension":{},"message":"[runtime-status] [10268] firebase-admin has been stubbed. {\"adminResolution\":{\"declared\":true,\"installed\":true,\"version\":\"10.3.0\",\"resolution\":\"C:\\\\Users\\\\KIIT\\\\Desktop\\\\amazon-clone\\\\functions\\\\node_modules\\\\firebase-admin\\\\lib\\\\index.js\"}}"}}
[debug] [2022-07-22T14:54:40.838Z] [runtime-status] [10268] Beginning invocation function api! {"metadata":{"emulator":{"name":"functions"},"function":{"name":"us-central1-api"},"extension":{},"message":"[runtime-status] [10268] Beginning invocation function api!"}}
[info] i  functions: Beginning execution of "api" {"metadata":{"emulator":{"name":"functions"},"function":{"name":"us-central1-api"},"extension":{},"message":"Beginning execution of \"api\""}}
[debug] [2022-07-22T14:54:40.839Z] [runtime-status] [10268] Running api in signature http {"metadata":{"emulator":{"name":"functions"},"function":{"name":"us-central1-api"},"extension":{},"message":"[runtime-status] [10268] Running api in signature http"}}
[debug] [2022-07-22T14:54:40.843Z] [runtime-status] [10268] Attempting to listen to socketPath: \\?\pipe\C:\Users\KIIT\Desktop\amazon-clone\functions\10268 {"metadata":{"emulator":{"name":"functions"},"function":{"name":"us-central1-api"},"extension":{},"message":"[runtime-status] [10268] Attempting to listen to socketPath: \\\\?\\pipe\\C:\\Users\\KIIT\\Desktop\\amazon-clone\\functions\\10268"}}
[debug] [2022-07-22T14:54:40.847Z] [functions] Runtime ready! Sending request! {"metadata":{"emulator":{"name":"functions"},"message":"[functions] Runtime ready! Sending request!"}}
[debug] [2022-07-22T14:54:40.847Z] [functions] Got req.url=/clone-9fbea/us-central1/api, mapping to path=/ {"metadata":{"emulator":{"name":"functions"},"message":"[functions] Got req.url=/clone-9fbea/us-central1/api, mapping to path=/"}}
[debug] [2022-07-22T14:54:40.852Z] [runtime-status] [10268] Ephemeral server handling GET request {"metadata":{"emulator":{"name":"functions"},"function":{"name":"us-central1-api"},"extension":{},"message":"[runtime-status] [10268] Ephemeral server handling GET request"}}
[debug] [2022-07-22T14:54:40.860Z] [runtime-status] [10268] Ephemeral server survived. {"metadata":{"emulator":{"name":"functions"},"function":{"name":"us-central1-api"},"extension":{},"message":"[runtime-status] [10268] Ephemeral server survived."}}
[info] i  functions: Finished "api" in ~1s {"metadata":{"emulator":{"name":"functions"},"function":{"name":"us-central1-api"},"extension":{},"message":"Finished \"api\" in ~1s"}}
[debug] [2022-07-22T14:54:40.863Z] [worker-us-central1-api-fd7cd030-0acd-403e-b86e-d6dabe67971a]: IDLE {"metadata":{"emulator":{"name":"functions"},"message":"[worker-us-central1-api-fd7cd030-0acd-403e-b86e-d6dabe67971a]: IDLE"}}
[debug] [2022-07-22T14:54:40.863Z] [work-queue] {"queueLength":0,"workRunningCount":0}
[debug] [2022-07-22T14:54:41.497Z] Functions emulator received unknown request at path /favicon.ico
[debug] [2022-07-22T15:18:31.115Z] File C:\Users\KIIT\Desktop\amazon-clone\functions\index.js changed, reloading triggers {"metadata":{"emulator":{"name":"functions"},"message":"File C:\\Users\\KIIT\\Desktop\\amazon-clone\\functions\\index.js changed, reloading triggers"}}
[debug] [2022-07-22T15:18:32.118Z] [worker-pool] Shutting down IDLE worker (us-central1-api) {"metadata":{"emulator":{"name":"functions"},"message":"[worker-pool] Shutting down IDLE worker (us-central1-api)"}}
[debug] [2022-07-22T15:18:32.119Z] [worker-us-central1-api-fd7cd030-0acd-403e-b86e-d6dabe67971a]: FINISHING {"metadata":{"emulator":{"name":"functions"},"message":"[worker-us-central1-api-fd7cd030-0acd-403e-b86e-d6dabe67971a]: FINISHING"}}
[debug] [2022-07-22T15:18:32.122Z] Validating nodejs source
[debug] [2022-07-22T15:18:34.994Z] > [functions] package.json contents: {
  "name": "functions",
  "description": "Cloud Functions for Firebase",
  "scripts": {
    "lint": "eslint .",
    "serve": "firebase emulators:start --only functions",
    "shell": "firebase functions:shell",
    "start": "npm run shell",
    "deploy": "firebase deploy --only functions",
    "logs": "firebase functions:log"
  },
  "engines": {
    "node": "16"
  },
  "main": "index.js",
  "dependencies": {
    "cors": "^2.8.5",
    "express": "^4.18.1",
    "firebase-admin": "^10.0.2",
    "firebase-functions": "^3.18.0",
    "stripe": "^9.14.0"
  },
  "devDependencies": {
    "eslint": "^8.9.0",
    "eslint-config-google": "^0.14.0",
    "firebase-functions-test": "^0.2.0"
  },
  "private": true
}
[debug] [2022-07-22T15:18:34.995Z] Building nodejs source
[debug] [2022-07-22T15:18:34.995Z] Analyzing nodejs backend spec
[debug] [2022-07-22T15:18:34.996Z] Could not find functions.yaml. Must use http discovery
[debug] [2022-07-22T15:18:35.008Z] [worker-us-central1-api-fd7cd030-0acd-403e-b86e-d6dabe67971a]: exited {"metadata":{"emulator":{"name":"functions"},"message":"[worker-us-central1-api-fd7cd030-0acd-403e-b86e-d6dabe67971a]: exited"}}
[debug] [2022-07-22T15:18:35.008Z] [worker-us-central1-api-fd7cd030-0acd-403e-b86e-d6dabe67971a]: FINISHED {"metadata":{"emulator":{"name":"functions"},"message":"[worker-us-central1-api-fd7cd030-0acd-403e-b86e-d6dabe67971a]: FINISHED"}}
[debug] [2022-07-22T15:18:35.370Z] Serving at port 9005

[debug] [2022-07-22T15:18:35.493Z] Got response from /__/functions.yaml {"endpoints":{"api":{"platform":"gcfv1","httpsTrigger":{},"entryPoint":"api"}},"specVersion":"v1alpha1","requiredAPIs":[]}
[debug] [2022-07-22T15:18:35.500Z] shutdown requested via /__/quitquitquit

[debug] [2022-07-22T15:36:43.524Z] Received signal SIGHUP 1
